This is e-upTeX, Version 3.14159265-p3.8.2-u1.25-190908-2.6 (utf8.uptex) (TeX Live 2019/Debian) (preloaded format=uplatex 2023.10.4)  15 FEB 2024 18:35
entering extended mode
 restricted \write18 enabled.
 Source specials enabled.
 %&-line parsing enabled.
**ex1.tex
(./ex1.tex
pLaTeX2e <2020-02-02u03>+2 (based on LaTeX2e <2020-02-02> patch level 2)
L3 programming layer <2020-02-14>
(/usr/share/texlive/texmf-dist/tex/latex/jlreq/jlreq.cls
Document Class: jlreq 2020/02/07 jlreq
(/usr/share/texlive/texmf-dist/tex/latex/xkeyval/xkeyval.sty
Package: xkeyval 2014/12/03 v2.7a package option processing (HA)

(/usr/share/texlive/texmf-dist/tex/generic/xkeyval/xkeyval.tex
(/usr/share/texlive/texmf-dist/tex/generic/xkeyval/xkvutils.tex
\XKV@toks=\toks15
\XKV@tempa@toks=\toks16

(/usr/share/texlive/texmf-dist/tex/generic/xkeyval/keyval.tex))
\XKV@depth=\count166
File: xkeyval.tex 2014/12/03 v2.7a key=value parser (HA)
))
(/usr/share/texlive/texmf-dist/tex/latex/everyhook/everyhook.sty
(/usr/share/texlive/texmf-dist/tex/latex/svn-prov/svn-prov.sty
Package: svn-prov 2010/04/24 v3.1862 Package Date/Version from SVN Keywords
)
Package: everyhook 2014/11/26 v1.2 (SVN Rev: 12)\ Hooks for low level TeX every
X primitives.

(/usr/share/texlive/texmf-dist/tex/latex/etoolbox/etoolbox.sty
Package: etoolbox 2019/09/21 v2.5h e-TeX tools for LaTeX (JAW)
\etb@tempcnta=\count167
)
\everypar=\toks17
\frozen@everymath=\toks18
\frozen@everydisplay=\toks19
\everyhbox=\toks20
\everyvbox=\toks21
\everycr=\toks22
)
(/usr/share/texlive/texmf-dist/tex/latex/filehook/filehook.sty
Package: filehook 2020/02/03 v0.7 Hooks for input files
)
(/usr/share/texlive/texmf-dist/tex/latex/base/ifthen.sty
Package: ifthen 2014/09/29 v1.1c Standard LaTeX ifthen package (DPC)
)
(/usr/share/texlive/texmf-dist/tex/latex/jlreq/jlreq-helpers.sty
Package: jlreq-helpers 2018/08/15 jlreq-helpers
\jlreq@tempcnta=\count168
\jlreq@tempcntb=\count169
\jlreq@tempcntc=\count170
\jlreq@tempdima=\dimen150
\jlreq@tempdimb=\dimen151
\jlreq@tempdimc=\dimen152
\jlreq@tempskipa=\skip47
\jlreq@tempskipb=\skip48
\jlreq@tempskipc=\skip49
\jlreq@tempboxa=\box61
\jlreq@tempboxb=\box62
\jlreq@tempboxc=\box63
\jlreq@resultdimen=\dimen153
\jlreq@resultskip=\skip50
\jlreq@resultbox=\box64
\jlreq@resultcnt=\count171
\jlreq@reference@count=\count172
\jlreq@currentpage=\count173
)
\jlreq@current@linewidth=\dimen154
\jlreq@rest@linewidth=\dimen155
\jlreq@lastnodechar=\count174
\jlreq@fontsize=\dimen156
\jlreq@jafontsize=\dimen157

(/usr/share/texmf/tex/latex/lm/lmodern.sty
Package: lmodern 2009/10/30 v1.6 Latin Modern Fonts
LaTeX Font Info:    Overwriting symbol font `operators' in version `normal'
(Font)                  OT1/cmr/m/n --> OT1/lmr/m/n on input line 22.
LaTeX Font Info:    Overwriting symbol font `letters' in version `normal'
(Font)                  OML/cmm/m/it --> OML/lmm/m/it on input line 23.
LaTeX Font Info:    Overwriting symbol font `symbols' in version `normal'
(Font)                  OMS/cmsy/m/n --> OMS/lmsy/m/n on input line 24.
LaTeX Font Info:    Overwriting symbol font `largesymbols' in version `normal'
(Font)                  OMX/cmex/m/n --> OMX/lmex/m/n on input line 25.
LaTeX Font Info:    Overwriting symbol font `operators' in version `bold'
(Font)                  OT1/cmr/bx/n --> OT1/lmr/bx/n on input line 26.
LaTeX Font Info:    Overwriting symbol font `letters' in version `bold'
(Font)                  OML/cmm/b/it --> OML/lmm/b/it on input line 27.
LaTeX Font Info:    Overwriting symbol font `symbols' in version `bold'
(Font)                  OMS/cmsy/b/n --> OMS/lmsy/b/n on input line 28.
LaTeX Font Info:    Overwriting symbol font `largesymbols' in version `bold'
(Font)                  OMX/cmex/m/n --> OMX/lmex/m/n on input line 29.
LaTeX Font Info:    Overwriting math alphabet `\mathbf' in version `normal'
(Font)                  OT1/cmr/bx/n --> OT1/lmr/bx/n on input line 31.
LaTeX Font Info:    Overwriting math alphabet `\mathsf' in version `normal'
(Font)                  OT1/cmss/m/n --> OT1/lmss/m/n on input line 32.
LaTeX Font Info:    Overwriting math alphabet `\mathit' in version `normal'
(Font)                  OT1/cmr/m/it --> OT1/lmr/m/it on input line 33.
LaTeX Font Info:    Overwriting math alphabet `\mathtt' in version `normal'
(Font)                  OT1/cmtt/m/n --> OT1/lmtt/m/n on input line 34.
LaTeX Font Info:    Overwriting math alphabet `\mathbf' in version `bold'
(Font)                  OT1/cmr/bx/n --> OT1/lmr/bx/n on input line 35.
LaTeX Font Info:    Overwriting math alphabet `\mathsf' in version `bold'
(Font)                  OT1/cmss/bx/n --> OT1/lmss/bx/n on input line 36.
LaTeX Font Info:    Overwriting math alphabet `\mathit' in version `bold'
(Font)                  OT1/cmr/bx/it --> OT1/lmr/bx/it on input line 37.
LaTeX Font Info:    Overwriting math alphabet `\mathtt' in version `bold'
(Font)                  OT1/cmtt/m/n --> OT1/lmtt/m/n on input line 38.
)
\symmincho=\mathgroup4
LaTeX Font Info:    Overwriting symbol font `mincho' in version `bold'
(Font)                  JY2/mc/m/n --> JY2/gt/m/n on input line 1001.
LaTeX Font Info:    Font shape `JT2/mc/m/n' will be
(Font)              scaled to size 10.0pt on input line 1069.
LaTeX Font Info:    Font shape `JY2/mc/m/n' will be
(Font)              scaled to size 10.0pt on input line 1069.
\jlreq@baselineskip=\dimen158
\jlreq@omotekeiwidth=\dimen159
\jlreq@chuubusokeiwidth=\dimen160
\jlreq@urakeiwidth=\dimen161
\jlreq@footnoteindent=\dimen162
\jlreq@sidenote@length=\dimen163
\jlreq@sidenote@sep=\dimen164
LaTeX Font Info:    Font shape `JT2/mc/m/n' will be
(Font)              scaled to size 8.00003pt on input line 1260.
LaTeX Font Info:    Font shape `JY2/mc/m/n' will be
(Font)              scaled to size 8.00003pt on input line 1260.
\jlreq@BlockHeading@start@label@box=\box65
\jlreq@BlockHeading@spaces@current@count=\count175
\c@part=\count176
\c@section=\count177
\c@subsection=\count178
\c@subsubsection=\count179
\c@paragraph=\count180
\c@subparagraph=\count181
\jlreq@endnote@prepostspace=\dimen165
\jlreq@endnote@indent=\dimen166
\jlreq@PageStyle@box=\box66
\abovecaptionskip=\skip51
\belowcaptionskip=\skip52
\c@figure=\count182
\c@table=\count183
\jlreq@abstractbox=\box67
\toclineskip=\skip53
\@lnumwidth=\dimen167
\jlreq@top@contents=\count184
\bibindent=\dimen168
LaTeX Font Info:    Font shape `JT2/mc/m/n' will be
(Font)              scaled to size 8.99994pt on input line 5754.
LaTeX Font Info:    Font shape `JY2/mc/m/n' will be
(Font)              scaled to size 8.99994pt on input line 5754.
)
(/usr/share/texlive/texmf-dist/tex/latex/graphics/graphicx.sty
Package: graphicx 2019/11/30 v1.2a Enhanced LaTeX Graphics (DPC,SPQR)

(/usr/share/texlive/texmf-dist/tex/latex/graphics/graphics.sty
Package: graphics 2019/11/30 v1.4a Standard LaTeX Graphics (DPC,SPQR)

(/usr/share/texlive/texmf-dist/tex/latex/graphics/trig.sty
Package: trig 2016/01/03 v1.10 sin cos tan (DPC)
)
(/usr/share/texlive/texmf-dist/tex/latex/graphics-cfg/graphics.cfg
File: graphics.cfg 2016/06/04 v1.11 sample graphics configuration
)
Package graphics Info: Driver file: dvipdfmx.def on input line 105.

(/usr/share/texlive/texmf-dist/tex/latex/graphics-def/dvipdfmx.def
File: dvipdfmx.def 2017/06/24 v5.0g Graphics/color driver for dvipdfmx
))
\Gin@req@height=\dimen169
\Gin@req@width=\dimen170
)
(/usr/share/texlive/texmf-dist/tex/latex/comment/comment.sty
\CommentStream=\write3

Excluding comment 'comment')
(/usr/share/texlive/texmf-dist/tex/latex/l3backend/l3backend-dvips.def
File: l3backend-dvips.def 2020-02-03 L3 backend support: dvips
\l__pdf_internal_box=\box68
\g__pdf_backend_object_int=\count185
\l__pdf_backend_content_box=\box69
\l__pdf_backend_model_box=\box70
\g__pdf_backend_annotation_int=\count186
\g__pdf_backend_link_int=\count187
\g__pdf_backend_link_sf_int=\count188
)
(./ex1.aux)
\openout1 = `ex1.aux'.

LaTeX Font Info:    Checking defaults for OML/cmm/m/it on input line 16.
LaTeX Font Info:    ... okay on input line 16.
LaTeX Font Info:    Checking defaults for OMS/cmsy/m/n on input line 16.
LaTeX Font Info:    ... okay on input line 16.
LaTeX Font Info:    Checking defaults for OT1/cmr/m/n on input line 16.
LaTeX Font Info:    ... okay on input line 16.
LaTeX Font Info:    Checking defaults for T1/cmr/m/n on input line 16.
LaTeX Font Info:    ... okay on input line 16.
LaTeX Font Info:    Checking defaults for TS1/cmr/m/n on input line 16.
LaTeX Font Info:    ... okay on input line 16.
LaTeX Font Info:    Checking defaults for OMX/cmex/m/n on input line 16.
LaTeX Font Info:    ... okay on input line 16.
LaTeX Font Info:    Checking defaults for U/cmr/m/n on input line 16.
LaTeX Font Info:    ... okay on input line 16.
LaTeX Font Info:    Checking defaults for JY2/mc/m/n on input line 16.
LaTeX Font Info:    ... okay on input line 16.
LaTeX Font Info:    Checking defaults for JT2/mc/m/n on input line 16.
LaTeX Font Info:    ... okay on input line 16.
 (I search kanjifont definition file: . . )
(I search font definition file: . . . . . . . )
LaTeX Font Info:    Trying to load font information for OT1+lmr on input line 1
6.

(/usr/share/texmf/tex/latex/lm/ot1lmr.fd
File: ot1lmr.fd 2009/10/30 v1.6 Font defs for Latin Modern
)
LaTeX Font Info:    Font shape `JT2/mc/m/n' will be
(Font)              scaled to size 17.0pt on input line 18.
LaTeX Font Info:    Font shape `JY2/mc/m/n' will be
(Font)              scaled to size 17.0pt on input line 18.
LaTeX Font Info:    Font shape `JT2/mc/m/n' will be
(Font)              scaled to size 12.0pt on input line 18.
LaTeX Font Info:    Font shape `JY2/mc/m/n' will be
(Font)              scaled to size 12.0pt on input line 18.
LaTeX Font Info:    Trying to load font information for OML+lmm on input line 1
8.

(/usr/share/texmf/tex/latex/lm/omllmm.fd
File: omllmm.fd 2009/10/30 v1.6 Font defs for Latin Modern
)
LaTeX Font Info:    Trying to load font information for OMS+lmsy on input line 
18.

(/usr/share/texmf/tex/latex/lm/omslmsy.fd
File: omslmsy.fd 2009/10/30 v1.6 Font defs for Latin Modern
)
LaTeX Font Info:    Trying to load font information for OMX+lmex on input line 
18.

(/usr/share/texmf/tex/latex/lm/omxlmex.fd
File: omxlmex.fd 2009/10/30 v1.6 Font defs for Latin Modern
)
LaTeX Font Info:    External font `lmex10' loaded for size
(Font)              <12> on input line 18.
LaTeX Font Info:    External font `lmex10' loaded for size
(Font)              <8> on input line 18.
LaTeX Font Info:    External font `lmex10' loaded for size
(Font)              <6> on input line 18.
LaTeX Font Info:    Font shape `JY2/mc/m/n' will be
(Font)              scaled to size 8.0pt on input line 18.
LaTeX Font Info:    Font shape `JY2/mc/m/n' will be
(Font)              scaled to size 6.0pt on input line 18.
LaTeX Font Info:    Font shape `JT2/mc/m/n' will be
(Font)              scaled to size 14.0pt on input line 21.
LaTeX Font Info:    Font shape `JY2/mc/m/n' will be
(Font)              scaled to size 14.0pt on input line 21.
LaTeX Font Info:    Trying to load font information for OT1+lmss on input line 
21.

(/usr/share/texmf/tex/latex/lm/ot1lmss.fd
File: ot1lmss.fd 2009/10/30 v1.6 Font defs for Latin Modern
)
LaTeX Font Info:    Font shape `JT2/gt/m/n' will be
(Font)              scaled to size 14.0pt on input line 21.
LaTeX Font Info:    Font shape `JY2/gt/m/n' will be
(Font)              scaled to size 14.0pt on input line 21.
LaTeX Font Info:    Font shape `JT2/gt/b/n' in size <14> not available
(Font)              Font shape `JT2/gt/m/n' tried instead on input line 21.
LaTeX Font Info:    Font shape `JT2/gt/m/n' will be
(Font)              scaled to size 14.0pt on input line 21.
LaTeX Font Info:    Font shape `JY2/gt/b/n' in size <14> not available
(Font)              Font shape `JY2/gt/m/n' tried instead on input line 21.
LaTeX Font Info:    Font shape `JY2/gt/m/n' will be
(Font)              scaled to size 14.0pt on input line 21.
 (./ex1.toc
LaTeX Font Info:    External font `lmex10' loaded for size
(Font)              <10> on input line 1.
LaTeX Font Info:    External font `lmex10' loaded for size
(Font)              <7> on input line 1.
LaTeX Font Info:    External font `lmex10' loaded for size
(Font)              <5> on input line 1.
LaTeX Font Info:    Font shape `JY2/mc/m/n' will be
(Font)              scaled to size 7.0pt on input line 1.
LaTeX Font Info:    Font shape `JY2/mc/m/n' will be
(Font)              scaled to size 5.0pt on input line 1.
)
\tf@toc=\write4
\openout4 = `ex1.toc'.

 [1

]
LaTeX Font Info:    Font shape `JT2/mc/b/n' in size <10> not available
(Font)              Font shape `JT2/gt/m/n' tried instead on input line 39.
LaTeX Font Info:    Font shape `JT2/gt/m/n' will be
(Font)              scaled to size 10.0pt on input line 39.
LaTeX Font Info:    Font shape `JY2/mc/b/n' in size <10> not available
(Font)              Font shape `JY2/gt/m/n' tried instead on input line 39.
LaTeX Font Info:    Font shape `JY2/gt/m/n' will be
(Font)              scaled to size 10.0pt on input line 39.
LaTeX Font Info:    Font shape `JT2/gt/m/n' will be
(Font)              scaled to size 12.0pt on input line 53.
LaTeX Font Info:    Font shape `JY2/gt/m/n' will be
(Font)              scaled to size 12.0pt on input line 53.
LaTeX Font Info:    Font shape `JT2/gt/b/n' in size <12> not available
(Font)              Font shape `JT2/gt/m/n' tried instead on input line 53.
LaTeX Font Info:    Font shape `JT2/gt/m/n' will be
(Font)              scaled to size 12.0pt on input line 53.
LaTeX Font Info:    Font shape `JY2/gt/b/n' in size <12> not available
(Font)              Font shape `JY2/gt/m/n' tried instead on input line 53.
LaTeX Font Info:    Font shape `JY2/gt/m/n' will be
(Font)              scaled to size 12.0pt on input line 53.
 [2]
LaTeX Font Info:    Font shape `JT2/gt/b/n' in size <10> not available
(Font)              Font shape `JT2/gt/m/n' tried instead on input line 69.
LaTeX Font Info:    Font shape `JT2/gt/m/n' will be
(Font)              scaled to size 10.0pt on input line 69.
LaTeX Font Info:    Font shape `JY2/gt/b/n' in size <10> not available
(Font)              Font shape `JY2/gt/m/n' tried instead on input line 69.
LaTeX Font Info:    Font shape `JY2/gt/m/n' will be
(Font)              scaled to size 10.0pt on input line 69.
 [3]
LaTeX Font Info:    Font shape `JT2/gt/m/n' will be
(Font)              scaled to size 8.99994pt on input line 118.
LaTeX Font Info:    Font shape `JY2/gt/m/n' will be
(Font)              scaled to size 8.99994pt on input line 118.
LaTeX Font Info:    Font shape `JT2/gt/b/n' in size <8.99994> not available
(Font)              Font shape `JT2/gt/m/n' tried instead on input line 118.
LaTeX Font Info:    Font shape `JT2/gt/m/n' will be
(Font)              scaled to size 8.99994pt on input line 118.
LaTeX Font Info:    Font shape `JY2/gt/b/n' in size <8.99994> not available
(Font)              Font shape `JY2/gt/m/n' tried instead on input line 118.
LaTeX Font Info:    Font shape `JY2/gt/m/n' will be
(Font)              scaled to size 8.99994pt on input line 118.

Excluding 'comment' comment. [4] (./ex1.aux) ) 
Here is how much of TeX's memory you used:
 3232 strings out of 482860
 63520 string characters out of 5959290
 313135 words of memory out of 5000000
 18522 multiletter control sequences out of 15000+600000
 604187 words of font info for 99 fonts, out of 8000000 for 9000
 264 hyphenation exceptions out of 8191
 33i,9n,53p,1100b,411s stack positions out of 5000i,500n,10000p,200000b,80000s

Output written on ex1.dvi (4 pages, 16080 bytes).
